<?xml version="1.0" encoding="UTF-8"?>
<testng-results ignored="0" total="1" passed="1" failed="0" skipped="0">
  <reporter-output>
  </reporter-output>
  <suite started-at="2021-02-21T10:30:40 IST" name="Default suite" finished-at="2021-02-21T10:31:32 IST" duration-ms="52344">
    <groups>
    </groups>
    <test started-at="2021-02-21T10:30:40 IST" name="Default test" finished-at="2021-02-21T10:31:32 IST" duration-ms="52344">
      <class name="tests.FlowMapper">
        <test-method is-config="true" signature="generateIniFile()[pri:0, instance:tests.FlowMapper@3d6f0054]" started-at="2021-02-21T10:30:40 IST" name="generateIniFile" finished-at="2021-02-21T10:30:40 IST" duration-ms="22" status="PASS">
          <reporter-output>
          </reporter-output>
        </test-method> <!-- generateIniFile -->
        <test-method signature="flowMapperTest(java.util.HashMap)[pri:0, instance:tests.FlowMapper@3d6f0054]" started-at="2021-02-21T10:30:41 IST" name="flowMapperTest" data-provider="getData" finished-at="2021-02-21T10:31:31 IST" duration-ms="50671" status="PASS">
          <params>
            <param index="0">
              <value>
                <![CDATA[{RUNMODE=Yes, DESCRIPTION=Positive flow, TCID=FlowMapper_001, TESTTYPE=Positive, STEP01=AutomationTest_001}]]>
              </value>
            </param>
          </params>
          <reporter-output>
          </reporter-output>
        </test-method> <!-- flowMapperTest -->
        <test-method is-config="true" signature="result(org.testng.ITestResult)[pri:0, instance:tests.FlowMapper@3d6f0054]" started-at="2021-02-21T10:31:31 IST" name="result" finished-at="2021-02-21T10:31:32 IST" duration-ms="349" status="PASS">
          <params>
            <param index="0">
              <value>
                <![CDATA[[TestResult name=flowMapperTest status=SUCCESS method=FlowMapper.flowMapperTest(java.util.HashMap)[pri:0, instance:tests.FlowMapper@3d6f0054] output={null}]]]>
              </value>
            </param>
          </params>
          <reporter-output>
          </reporter-output>
        </test-method> <!-- result -->
        <test-method is-config="true" signature="killDriver()[pri:0, instance:tests.FlowMapper@3d6f0054]" started-at="2021-02-21T10:31:32 IST" name="killDriver" finished-at="2021-02-21T10:31:32 IST" duration-ms="663" status="PASS">
          <reporter-output>
          </reporter-output>
        </test-method> <!-- killDriver -->
      </class> <!-- tests.FlowMapper -->
    </test> <!-- Default test -->
  </suite> <!-- Default suite -->
</testng-results>
