<?xml version="1.0" encoding="UTF-8"?>
<testng-results ignored="0" total="2" passed="2" failed="0" skipped="0">
  <reporter-output>
  </reporter-output>
  <suite started-at="2021-04-29T05:11:19 IST" name="Default suite" finished-at="2021-04-29T05:12:28 IST" duration-ms="68444">
    <groups>
    </groups>
    <test started-at="2021-04-29T05:11:19 IST" name="Default test" finished-at="2021-04-29T05:12:28 IST" duration-ms="68444">
      <class name="tests.FlowMapper">
        <test-method is-config="true" signature="generateIniFile()[pri:0, instance:tests.FlowMapper@67c33749]" started-at="2021-04-29T05:11:19 IST" name="generateIniFile" finished-at="2021-04-29T05:11:19 IST" duration-ms="36" status="PASS">
          <reporter-output>
          </reporter-output>
        </test-method> <!-- generateIniFile -->
        <test-method signature="flowMapperTest(java.util.HashMap)[pri:0, instance:tests.FlowMapper@67c33749]" started-at="2021-04-29T05:11:20 IST" name="flowMapperTest" data-provider="getData" finished-at="2021-04-29T05:12:01 IST" duration-ms="40597" status="PASS">
          <params>
            <param index="0">
              <value>
                <![CDATA[{RUNMODE=Yes, DESCRIPTION=Assignment 1, TCID=FlowMapper_001, TESTTYPE=Positive, STEP01=Assignment1Test_001}]]>
              </value>
            </param>
          </params>
          <reporter-output>
          </reporter-output>
        </test-method> <!-- flowMapperTest -->
        <test-method is-config="true" signature="result(org.testng.ITestResult)[pri:0, instance:tests.FlowMapper@67c33749]" started-at="2021-04-29T05:12:01 IST" name="result" finished-at="2021-04-29T05:12:01 IST" duration-ms="520" status="PASS">
          <params>
            <param index="0">
              <value>
                <![CDATA[[TestResult name=flowMapperTest status=SUCCESS method=FlowMapper.flowMapperTest(java.util.HashMap)[pri:0, instance:tests.FlowMapper@67c33749] output={null}]]]>
              </value>
            </param>
          </params>
          <reporter-output>
          </reporter-output>
        </test-method> <!-- result -->
        <test-method signature="flowMapperTest(java.util.HashMap)[pri:0, instance:tests.FlowMapper@67c33749]" started-at="2021-04-29T05:12:01 IST" name="flowMapperTest" data-provider="getData" finished-at="2021-04-29T05:12:27 IST" duration-ms="25329" status="PASS">
          <params>
            <param index="0">
              <value>
                <![CDATA[{RUNMODE=Yes, DESCRIPTION=Assignment 2, TCID=FlowMapper_001, TESTTYPE=Positive, STEP01=Assignment2Test_001}]]>
              </value>
            </param>
          </params>
          <reporter-output>
          </reporter-output>
        </test-method> <!-- flowMapperTest -->
        <test-method is-config="true" signature="result(org.testng.ITestResult)[pri:0, instance:tests.FlowMapper@67c33749]" started-at="2021-04-29T05:12:27 IST" name="result" finished-at="2021-04-29T05:12:27 IST" duration-ms="53" status="PASS">
          <params>
            <param index="0">
              <value>
                <![CDATA[[TestResult name=flowMapperTest status=SUCCESS method=FlowMapper.flowMapperTest(java.util.HashMap)[pri:0, instance:tests.FlowMapper@67c33749] output={null}]]]>
              </value>
            </param>
          </params>
          <reporter-output>
          </reporter-output>
        </test-method> <!-- result -->
        <test-method is-config="true" signature="killDriver()[pri:0, instance:tests.FlowMapper@67c33749]" started-at="2021-04-29T05:12:27 IST" name="killDriver" finished-at="2021-04-29T05:12:28 IST" duration-ms="1041" status="PASS">
          <reporter-output>
          </reporter-output>
        </test-method> <!-- killDriver -->
      </class> <!-- tests.FlowMapper -->
    </test> <!-- Default test -->
  </suite> <!-- Default suite -->
</testng-results>
